[debug] Encodings: locale UTF-8, fs utf-8, pref UTF-8, out utf-8, error utf-8, screen utf-8
[debug] yt-dlp version stable@2024.07.16 from yt-dlp/yt-dlp [89a161e8c] (pip) API
[debug] params: {'verbose': True, 'format': 'bestvideo[height>=2160]+bestaudio[ext=m4a]/best[ext=mp4]/best', 'outtmpl': '/Users/nadamohamed/Downloads/KPOP/%(playlist)s/%(playlist_index)s - %(title)s.%(ext)s', 'ffmpeg_location': '/opt/homebrew/bin/ffmpeg', 'writesubtitles': True, 'writeautomaticsub': True, 'subtitleslangs': ['en'], 'progress_hooks': [<function DownloaderApp.download_vidlist.<locals>.<lambda> at 0x146dcf740>], 'socket_timeout': 120, 'retries': 10, 'logger': <Logger yt-dlp (DEBUG)>, 'compat_opts': set(), 'http_headers': {'User-Agent': 'Mozilla/5.0 (Windows NT 10.0; Win64; x64) AppleWebKit/537.36 (KHTML, like Gecko) Chrome/95.0.4638.74 Safari/537.36', 'Accept': 'text/html,application/xhtml+xml,application/xml;q=0.9,*/*;q=0.8', 'Accept-Language': 'en-us,en;q=0.5', 'Sec-Fetch-Mode': 'navigate'}}
[debug] Python 3.12.3 (CPython arm64 64bit) - macOS-14.6.1-arm64-arm-64bit (OpenSSL 3.0.13 30 Jan 2024)
[debug] exe versions: ffmpeg 7.0.1 (setts), ffprobe 7.0.1, rtmpdump 2.4
[debug] Optional libraries: Cryptodome-3.20.0, brotli-1.1.0, certifi-2024.02.02, mutagen-1.47.0, requests-2.32.3, sqlite3-3.45.1, urllib3-2.2.1, websockets-12.0
[debug] Proxy map: {}
[debug] Request Handlers: urllib, requests, websockets
[debug] Loaded 1829 extractors
[debug] Encodings: locale UTF-8, fs utf-8, pref UTF-8, out utf-8, error utf-8, screen utf-8
[debug] Encodings: locale UTF-8, fs utf-8, pref UTF-8, out utf-8, error utf-8, screen utf-8
[debug] yt-dlp version stable@2024.07.16 from yt-dlp/yt-dlp [89a161e8c] (pip) API
[debug] yt-dlp version stable@2024.07.16 from yt-dlp/yt-dlp [89a161e8c] (pip) API
[debug] params: {'verbose': True, 'format': 'bestvideo[height>=2160]+bestaudio[ext=m4a]/best[ext=mp4]/best', 'outtmpl': '/Users/nadamohamed/Downloads/KPOP/%(playlist)s/%(playlist_index)s - %(title)s.%(ext)s', 'ffmpeg_location': '/opt/homebrew/bin/ffmpeg', 'writesubtitles': True, 'writeautomaticsub': True, 'subtitleslangs': ['en'], 'progress_hooks': [<function DownloaderApp.download_vidlist.<locals>.<lambda> at 0x349c87560>], 'socket_timeout': 120, 'retries': 10, 'logger': <Logger yt-dlp (DEBUG)>, 'compat_opts': set(), 'http_headers': {'User-Agent': 'Mozilla/5.0 (Windows NT 10.0; Win64; x64) AppleWebKit/537.36 (KHTML, like Gecko) Chrome/95.0.4638.74 Safari/537.36', 'Accept': 'text/html,application/xhtml+xml,application/xml;q=0.9,*/*;q=0.8', 'Accept-Language': 'en-us,en;q=0.5', 'Sec-Fetch-Mode': 'navigate'}}
[debug] params: {'verbose': True, 'format': 'bestvideo[height>=2160]+bestaudio[ext=m4a]/best[ext=mp4]/best', 'outtmpl': '/Users/nadamohamed/Downloads/KPOP/%(playlist)s/%(playlist_index)s - %(title)s.%(ext)s', 'ffmpeg_location': '/opt/homebrew/bin/ffmpeg', 'writesubtitles': True, 'writeautomaticsub': True, 'subtitleslangs': ['en'], 'progress_hooks': [<function DownloaderApp.download_vidlist.<locals>.<lambda> at 0x349c87560>], 'socket_timeout': 120, 'retries': 10, 'logger': <Logger yt-dlp (DEBUG)>, 'compat_opts': set(), 'http_headers': {'User-Agent': 'Mozilla/5.0 (Windows NT 10.0; Win64; x64) AppleWebKit/537.36 (KHTML, like Gecko) Chrome/95.0.4638.74 Safari/537.36', 'Accept': 'text/html,application/xhtml+xml,application/xml;q=0.9,*/*;q=0.8', 'Accept-Language': 'en-us,en;q=0.5', 'Sec-Fetch-Mode': 'navigate'}}
[debug] Python 3.12.3 (CPython arm64 64bit) - macOS-14.6.1-arm64-arm-64bit (OpenSSL 3.0.13 30 Jan 2024)
[debug] Python 3.12.3 (CPython arm64 64bit) - macOS-14.6.1-arm64-arm-64bit (OpenSSL 3.0.13 30 Jan 2024)
[debug] exe versions: ffmpeg 7.0.1 (setts), ffprobe 7.0.1, rtmpdump 2.4
[debug] exe versions: ffmpeg 7.0.1 (setts), ffprobe 7.0.1, rtmpdump 2.4
[debug] Optional libraries: Cryptodome-3.20.0, brotli-1.1.0, certifi-2024.02.02, mutagen-1.47.0, requests-2.32.3, sqlite3-3.45.1, urllib3-2.2.1, websockets-12.0
[debug] Optional libraries: Cryptodome-3.20.0, brotli-1.1.0, certifi-2024.02.02, mutagen-1.47.0, requests-2.32.3, sqlite3-3.45.1, urllib3-2.2.1, websockets-12.0
[debug] Proxy map: {}
[debug] Proxy map: {}
[debug] Request Handlers: urllib, requests, websockets
[debug] Request Handlers: urllib, requests, websockets
[debug] Loaded 1829 extractors
[debug] Loaded 1829 extractors
[debug] Encodings: locale UTF-8, fs utf-8, pref UTF-8, out utf-8, error utf-8, screen utf-8
[debug] yt-dlp version stable@2024.07.16 from yt-dlp/yt-dlp [89a161e8c] (pip) API
[debug] params: {'verbose': True, 'format': 'bestvideo[height>=2160]+bestaudio[ext=m4a]/best[ext=mp4]/best', 'outtmpl': '/Users/nadamohamed/Downloads/KPOP/%(playlist)s/%(playlist_index)s - %(title)s.%(ext)s', 'ffmpeg_location': '/opt/homebrew/bin/ffmpeg', 'writesubtitles': True, 'writeautomaticsub': True, 'subtitleslangs': ['en'], 'progress_hooks': [<function DownloaderApp.download_vidlist.<locals>.<lambda> at 0x11aa87740>], 'socket_timeout': 120, 'retries': 10, 'logger': <Logger yt-dlp (DEBUG)>, 'compat_opts': set(), 'http_headers': {'User-Agent': 'Mozilla/5.0 (Windows NT 10.0; Win64; x64) AppleWebKit/537.36 (KHTML, like Gecko) Chrome/96.0.4664.18 Safari/537.36', 'Accept': 'text/html,application/xhtml+xml,application/xml;q=0.9,*/*;q=0.8', 'Accept-Language': 'en-us,en;q=0.5', 'Sec-Fetch-Mode': 'navigate'}}
[debug] Python 3.12.3 (CPython arm64 64bit) - macOS-14.6.1-arm64-arm-64bit (OpenSSL 3.0.13 30 Jan 2024)
[debug] exe versions: ffmpeg 7.0.1 (setts), ffprobe 7.0.1, rtmpdump 2.4
[debug] Optional libraries: Cryptodome-3.20.0, brotli-1.1.0, certifi-2024.02.02, mutagen-1.47.0, requests-2.32.3, sqlite3-3.45.1, urllib3-2.2.1, websockets-12.0
[debug] Proxy map: {}
[debug] Request Handlers: urllib, requests, websockets
[debug] Loaded 1829 extractors
